#
# A fatal error has been detected by the Java Runtime Environment:
#
#  Internal Error (javaCalls.cpp:51), pid=15504, tid=0x0000000000002760
#  guarantee(thread->is_Java_thread()) failed: crucial check - the VM thread cannot and must not escape to Java code
#
# JRE version: Java(TM) SE Runtime Environment (8.0_231-b11) (build 1.8.0_231-b11)
# Java VM: Java HotSpot(TM) 64-Bit Server VM (25.231-b11 mixed mode windows-amd64 compressed oops)
# Failed to write core dump. Minidumps are not enabled by default on client versions of Windows
#
# If you would like to submit a bug report, please visit:
#   http://bugreport.java.com/bugreport/crash.jsp
#

---------------  T H R E A D  ---------------

Current thread (0x0000000018379800):  VMThread [stack: 0x000000001a060000,0x000000001a160000] [id=10080]

Stack: [0x000000001a060000,0x000000001a160000]
[error occurred during error reporting (printing stack bounds), id 0xc0000005]

Native frames: (J=compiled Java code, j=interpreted, Vv=VM code, C=native code)

VM_Operation (0x000000001aeaf4c0): GetOrSetLocal, mode: safepoint, requested by thread 0x000000001a1a0000


---------------  P R O C E S S  ---------------

Java Threads: ( => current thread )
  0x000000001da58800 JavaThread "container-0" [_thread_blocked, id=16868, stack(0x000000001ece0000,0x000000001ede0000)]
  0x000000001d9d5800 JavaThread "Catalina-utility-2" [_thread_blocked, id=5944, stack(0x000000001e3e0000,0x000000001e4e0000)]
  0x000000001d9fb800 JavaThread "Catalina-utility-1" [_thread_blocked, id=16780, stack(0x000000001c610000,0x000000001c710000)]
  0x000000001badb800 JavaThread "JMX server connection timeout 22" daemon [_thread_blocked, id=17552, stack(0x000000001cb10000,0x000000001cc10000)]
  0x000000001ba8b000 JavaThread "RMI Scheduler(0)" daemon [_thread_blocked, id=392, stack(0x000000001c910000,0x000000001ca10000)]
  0x000000001ba73000 JavaThread "RMI TCP Connection(3)-127.0.0.1" daemon [_thread_in_native, id=18404, stack(0x000000001c710000,0x000000001c810000)]
  0x000000001b7d4000 JavaThread "RMI TCP Accept-0" daemon [_thread_in_native, id=23148, stack(0x000000001bfb0000,0x000000001c0b0000)]
  0x000000001b7cf000 JavaThread "RMI TCP Accept-55846" daemon [_thread_in_native, id=12088, stack(0x000000001beb0000,0x000000001bfb0000)]
  0x000000001b7c1000 JavaThread "RMI TCP Accept-0" daemon [_thread_in_native, id=156, stack(0x000000001bdb0000,0x000000001beb0000)]
  0x000000001a24d800 JavaThread "Service Thread" daemon [_thread_blocked, id=30560, stack(0x000000001b4b0000,0x000000001b5b0000)]
  0x000000001a1cf000 JavaThread "C1 CompilerThread3" daemon [_thread_blocked, id=29220, stack(0x000000001b3b0000,0x000000001b4b0000)]
  0x000000001a1ce800 JavaThread "C2 CompilerThread2" daemon [_thread_blocked, id=18100, stack(0x000000001b2b0000,0x000000001b3b0000)]
  0x000000001a1c4800 JavaThread "C2 CompilerThread1" daemon [_thread_blocked, id=21972, stack(0x000000001b1b0000,0x000000001b2b0000)]
  0x000000001a1bd000 JavaThread "C2 CompilerThread0" daemon [_thread_blocked, id=16916, stack(0x000000001b0b0000,0x000000001b1b0000)]
  0x000000001a1ad000 JavaThread "JDWP Command Reader" daemon [_thread_in_native, id=31488, stack(0x000000001afb0000,0x000000001b0b0000)]
  0x000000001a1ab800 JavaThread "JDWP Event Helper Thread" daemon [_thread_blocked, id=19580, stack(0x000000001aeb0000,0x000000001afb0000)]
  0x000000001a1a0000 JavaThread "JDWP Transport Listener: dt_socket" daemon [_thread_blocked, id=31284, stack(0x000000001adb0000,0x000000001aeb0000)]
  0x000000001a199000 JavaThread "Attach Listener" daemon [_thread_blocked, id=14588, stack(0x000000001a970000,0x000000001aa70000)]
  0x000000001a198000 JavaThread "Signal Dispatcher" daemon [_thread_blocked, id=19552, stack(0x000000001a870000,0x000000001a970000)]
  0x000000001a181000 JavaThread "Finalizer" daemon [_thread_blocked, id=3572, stack(0x000000001a660000,0x000000001a760000)]
  0x000000001837d800 JavaThread "Reference Handler" daemon [_thread_blocked, id=17428, stack(0x000000001a560000,0x000000001a660000)]
  0x00000000032f6000 JavaThread "main" [_thread_blocked, id=23408, stack(0x00000000031f0000,0x00000000032f0000)]

Other Threads:
=>0x0000000018379800 VMThread [stack: 0x000000001a060000,0x000000001a160000] [id=10080]
  0x000000001b7d9000 WatcherThread [stack: 0x000000001c210000,0x000000001c310000] [id=24852]

VM state:at safepoint (normal execution)

VM Mutex/Monitor currently owned by a thread:  ([mutex/lock_event])
[0x00000000032f2c80] Threads_lock - owner thread: 0x0000000018379800

heap address: 0x0000000081a00000, size: 2022 MB, Compressed Oops mode: 32-bit
Narrow klass base: 0x0000000000000000, Narrow klass shift: 3
Compressed class space size: 1073741824 Address: 0x0000000100000000

Heap:
 PSYoungGen      total 135168K, used 29707K [0x00000000d5e00000, 0x00000000ded80000, 0x0000000100000000)
  eden space 125440K, 16% used [0x00000000d5e00000,0x00000000d72415b0,0x00000000dd880000)
  from space 9728K, 92% used [0x00000000de400000,0x00000000decc1650,0x00000000ded80000)
  to   space 10752K, 0% used [0x00000000dd880000,0x00000000dd880000,0x00000000de300000)
 ParOldGen       total 46080K, used 7281K [0x0000000081a00000, 0x0000000084700000, 0x00000000d5e00000)
  object space 46080K, 15% used [0x0000000081a00000,0x000000008211c7b8,0x0000000084700000)
 Metaspace       used 30568K, capacity 31906K, committed 32128K, reserved 1077248K
  class space    used 4083K, capacity 4365K, committed 4480K, reserved 1048576K

Card table byte_map: [0x00000000127b0000,0x0000000012bb0000] byte_map_base: 0x00000000123a3000

Marking Bits: (ParMarkBitMap*) 0x0000000050d16d90
 Begin Bits: [0x0000000013660000, 0x00000000155f8000)
 End Bits:   [0x00000000155f8000, 0x0000000017590000)

Polling page: 0x0000000003070000

CodeCache: size=245760Kb used=6810Kb max_used=6810Kb free=238949Kb
 bounds [0x00000000033f0000, 0x0000000003aa0000, 0x00000000123f0000]
 total_blobs=3475 nmethods=3063 adapters=332
 compilation: enabled

Compilation events (10 events):
Event: 1162.907 Thread 0x000000001a1cf000 3102       1       java.util.concurrent.locks.AbstractQueuedSynchronizer$ConditionObject::doSignal (43 bytes)
Event: 1162.907 Thread 0x000000001a1cf000 nmethod 3102 0x0000000003a96dd0 code [0x0000000003a96f40, 0x0000000003a97128]
Event: 1162.908 Thread 0x000000001a1cf000 3103       1       java.util.concurrent.locks.AbstractQueuedSynchronizer::transferForSignal (45 bytes)
Event: 1162.909 Thread 0x000000001a1cf000 nmethod 3103 0x0000000003a97210 code [0x0000000003a97380, 0x0000000003a975b8]
Event: 1192.906 Thread 0x000000001a1cf000 3104       1       java.util.concurrent.locks.AbstractQueuedSynchronizer$ConditionObject::await (98 bytes)
Event: 1192.908 Thread 0x000000001a1cf000 nmethod 3104 0x0000000003a976d0 code [0x0000000003a978e0, 0x0000000003a97f08]
Event: 1193.029 Thread 0x000000001a1cf000 3105       1       org.apache.catalina.core.StandardContext::getInstanceManager (5 bytes)
Event: 1193.029 Thread 0x000000001a1cf000 nmethod 3105 0x0000000003a98510 code [0x0000000003a98660, 0x0000000003a98770]
Event: 1202.906 Thread 0x000000001a1cf000 3106       1       java.util.concurrent.locks.AbstractQueuedSynchronizer$ConditionObject::unlinkCancelledWaiters (67 bytes)
Event: 1202.906 Thread 0x000000001a1cf000 nmethod 3106 0x0000000003a987d0 code [0x0000000003a98920, 0x0000000003a98b10]

GC Heap History (10 events):
Event: 2.070 GC heap before
{Heap before GC invocations=3 (full 0):
 PSYoungGen      total 38400K, used 38398K [0x00000000d5e00000, 0x00000000da900000, 0x0000000100000000)
  eden space 33280K, 100% used [0x00000000d5e00000,0x00000000d7e80000,0x00000000d7e80000)
  from space 5120K, 99% used [0x00000000d8380000,0x00000000d887fa30,0x00000000d8880000)
  to   space 5120K, 0% used [0x00000000d7e80000,0x00000000d7e80000,0x00000000d8380000)
 ParOldGen       total 87552K, used 1676K [0x0000000081a00000, 0x0000000086f80000, 0x00000000d5e00000)
  object space 87552K, 1% used [0x0000000081a00000,0x0000000081ba3140,0x0000000086f80000)
 Metaspace       used 20538K, capacity 21152K, committed 21296K, reserved 1067008K
  class space    used 2725K, capacity 2894K, committed 2944K, reserved 1048576K
Event: 2.076 GC heap after
Heap after GC invocations=3 (full 0):
 PSYoungGen      total 38400K, used 5098K [0x00000000d5e00000, 0x00000000da900000, 0x0000000100000000)
  eden space 33280K, 0% used [0x00000000d5e00000,0x00000000d5e00000,0x00000000d7e80000)
  from space 5120K, 99% used [0x00000000d7e80000,0x00000000d837a940,0x00000000d8380000)
  to   space 5120K, 0% used [0x00000000da400000,0x00000000da400000,0x00000000da900000)
 ParOldGen       total 87552K, used 5739K [0x0000000081a00000, 0x0000000086f80000, 0x00000000d5e00000)
  object space 87552K, 6% used [0x0000000081a00000,0x0000000081f9afc0,0x0000000086f80000)
 Metaspace       used 20538K, capacity 21152K, committed 21296K, reserved 1067008K
  class space    used 2725K, capacity 2894K, committed 2944K, reserved 1048576K
}
Event: 2.079 GC heap before
{Heap before GC invocations=4 (full 0):
 PSYoungGen      total 38400K, used 6153K [0x00000000d5e00000, 0x00000000da900000, 0x0000000100000000)
  eden space 33280K, 3% used [0x00000000d5e00000,0x00000000d5f07cb0,0x00000000d7e80000)
  from space 5120K, 99% used [0x00000000d7e80000,0x00000000d837a940,0x00000000d8380000)
  to   space 5120K, 0% used [0x00000000da400000,0x00000000da400000,0x00000000da900000)
 ParOldGen       total 87552K, used 5739K [0x0000000081a00000, 0x0000000086f80000, 0x00000000d5e00000)
  object space 87552K, 6% used [0x0000000081a00000,0x0000000081f9afc0,0x0000000086f80000)
 Metaspace       used 20655K, capacity 21248K, committed 21296K, reserved 1067008K
  class space    used 2738K, capacity 2926K, committed 2944K, reserved 1048576K
Event: 2.083 GC heap after
Heap after GC invocations=4 (full 0):
 PSYoungGen      total 71680K, used 5090K [0x00000000d5e00000, 0x00000000da900000, 0x0000000100000000)
  eden space 66560K, 0% used [0x00000000d5e00000,0x00000000d5e00000,0x00000000d9f00000)
  from space 5120K, 99% used [0x00000000da400000,0x00000000da8f8ab8,0x00000000da900000)
  to   space 5120K, 0% used [0x00000000d9f00000,0x00000000d9f00000,0x00000000da400000)
 ParOldGen       total 87552K, used 5795K [0x0000000081a00000, 0x0000000086f80000, 0x00000000d5e00000)
  object space 87552K, 6% used [0x0000000081a00000,0x0000000081fa8fd0,0x0000000086f80000)
 Metaspace       used 20655K, capacity 21248K, committed 21296K, reserved 1067008K
  class space    used 2738K, capacity 2926K, committed 2944K, reserved 1048576K
}
Event: 2.083 GC heap before
{Heap before GC invocations=5 (full 1):
 PSYoungGen      total 71680K, used 5090K [0x00000000d5e00000, 0x00000000da900000, 0x0000000100000000)
  eden space 66560K, 0% used [0x00000000d5e00000,0x00000000d5e00000,0x00000000d9f00000)
  from space 5120K, 99% used [0x00000000da400000,0x00000000da8f8ab8,0x00000000da900000)
  to   space 5120K, 0% used [0x00000000d9f00000,0x00000000d9f00000,0x00000000da400000)
 ParOldGen       total 87552K, used 5795K [0x0000000081a00000, 0x0000000086f80000, 0x00000000d5e00000)
  object space 87552K, 6% used [0x0000000081a00000,0x0000000081fa8fd0,0x0000000086f80000)
 Metaspace       used 20655K, capacity 21248K, committed 21296K, reserved 1067008K
  class space    used 2738K, capacity 2926K, committed 2944K, reserved 1048576K
Event: 2.104 GC heap after
Heap after GC invocations=5 (full 1):
 PSYoungGen      total 71680K, used 0K [0x00000000d5e00000, 0x00000000da900000, 0x0000000100000000)
  eden space 66560K, 0% used [0x00000000d5e00000,0x00000000d5e00000,0x00000000d9f00000)
  from space 5120K, 0% used [0x00000000da400000,0x00000000da400000,0x00000000da900000)
  to   space 5120K, 0% used [0x00000000d9f00000,0x00000000d9f00000,0x00000000da400000)
 ParOldGen       total 46080K, used 5191K [0x0000000081a00000, 0x0000000084700000, 0x00000000d5e00000)
  object space 46080K, 11% used [0x0000000081a00000,0x0000000081f11c88,0x0000000084700000)
 Metaspace       used 20653K, capacity 21242K, committed 21296K, reserved 1067008K
  class space    used 2738K, capacity 2925K, committed 2944K, reserved 1048576K
}
Event: 2.565 GC heap before
{Heap before GC invocations=6 (full 1):
 PSYoungGen      total 71680K, used 66560K [0x00000000d5e00000, 0x00000000da900000, 0x0000000100000000)
  eden space 66560K, 100% used [0x00000000d5e00000,0x00000000d9f00000,0x00000000d9f00000)
  from space 5120K, 0% used [0x00000000da400000,0x00000000da400000,0x00000000da900000)
  to   space 5120K, 0% used [0x00000000d9f00000,0x00000000d9f00000,0x00000000da400000)
 ParOldGen       total 46080K, used 5191K [0x0000000081a00000, 0x0000000084700000, 0x00000000d5e00000)
  object space 46080K, 11% used [0x0000000081a00000,0x0000000081f11c88,0x0000000084700000)
 Metaspace       used 25572K, capacity 26412K, committed 26752K, reserved 1073152K
  class space    used 3410K, capacity 3624K, committed 3712K, reserved 1048576K
Event: 2.571 GC heap after
Heap after GC invocations=6 (full 1):
 PSYoungGen      total 71680K, used 5091K [0x00000000d5e00000, 0x00000000ded80000, 0x0000000100000000)
  eden space 66560K, 0% used [0x00000000d5e00000,0x00000000d5e00000,0x00000000d9f00000)
  from space 5120K, 99% used [0x00000000d9f00000,0x00000000da3f8dd8,0x00000000da400000)
  to   space 9728K, 0% used [0x00000000de400000,0x00000000de400000,0x00000000ded80000)
 ParOldGen       total 46080K, used 7273K [0x0000000081a00000, 0x0000000084700000, 0x00000000d5e00000)
  object space 46080K, 15% used [0x0000000081a00000,0x000000008211a7b8,0x0000000084700000)
 Metaspace       used 25572K, capacity 26412K, committed 26752K, reserved 1073152K
  class space    used 3410K, capacity 3624K, committed 3712K, reserved 1048576K
}
Event: 708.644 GC heap before
{Heap before GC invocations=7 (full 1):
 PSYoungGen      total 71680K, used 71651K [0x00000000d5e00000, 0x00000000ded80000, 0x0000000100000000)
  eden space 66560K, 100% used [0x00000000d5e00000,0x00000000d9f00000,0x00000000d9f00000)
  from space 5120K, 99% used [0x00000000d9f00000,0x00000000da3f8dd8,0x00000000da400000)
  to   space 9728K, 0% used [0x00000000de400000,0x00000000de400000,0x00000000ded80000)
 ParOldGen       total 46080K, used 7273K [0x0000000081a00000, 0x0000000084700000, 0x00000000d5e00000)
  object space 46080K, 15% used [0x0000000081a00000,0x000000008211a7b8,0x0000000084700000)
 Metaspace       used 30509K, capacity 31836K, committed 32128K, reserved 1077248K
  class space    used 4080K, capacity 4364K, committed 4480K, reserved 1048576K
Event: 708.663 GC heap after
Heap after GC invocations=7 (full 1):
 PSYoungGen      total 135168K, used 8965K [0x00000000d5e00000, 0x00000000ded80000, 0x0000000100000000)
  eden space 125440K, 0% used [0x00000000d5e00000,0x00000000d5e00000,0x00000000dd880000)
  from space 9728K, 92% used [0x00000000de400000,0x00000000decc1650,0x00000000ded80000)
  to   space 10752K, 0% used [0x00000000dd880000,0x00000000dd880000,0x00000000de300000)
 ParOldGen       total 46080K, used 7281K [0x0000000081a00000, 0x0000000084700000, 0x00000000d5e00000)
  object space 46080K, 15% used [0x0000000081a00000,0x000000008211c7b8,0x0000000084700000)
 Metaspace       used 30509K, capacity 31836K, committed 32128K, reserved 1077248K
  class space    used 4080K, capacity 4364K, committed 4480K, reserved 1048576K
}

Deoptimization events (0 events):
No events

Classes redefined (6 events):
Event: 118.068 Thread 0x0000000018379800 redefined class name=br.edu.unicid.RMBasicWSDLClient.config.Config, count=1
Event: 974.688 Thread 0x0000000018379800 redefined class name=br.edu.unicid.RMBasicWSDLClient.config.Config, count=2
Event: 974.699 Thread 0x0000000018379800 redefined class name=br.edu.unicid.RMBasicWSDLClient.config.PreemptiveAuth, count=1
Event: 1085.003 Thread 0x0000000018379800 redefined class name=br.edu.unicid.RMBasicWSDLClient.config.PreemptiveAuth, count=2
Event: 1129.059 Thread 0x0000000018379800 redefined class name=br.edu.unicid.RMBasicWSDLClient.config.PreemptiveAuth, count=3
Event: 1213.215 Thread 0x0000000018379800 redefined class name=br.edu.unicid.RMBasicWSDLClient.config.Config, count=3

Internal exceptions (10 events):
Event: 4.809 Thread 0x000000001ba8e000 Exception <a 'java/lang/reflect/InvocationTargetException'> (0x00000000d7120740) thrown at [C:\re\workspace\8-2-build-windows-amd64-cygwin\jdk8u231\13620\hotspot\src\share\vm\runtime\reflection.cpp, line 1092]
Event: 5.362 Thread 0x000000001ba8e000 Exception <a 'java/lang/reflect/InvocationTargetException'> (0x00000000d7124ca8) thrown at [C:\re\workspace\8-2-build-windows-amd64-cygwin\jdk8u231\13620\hotspot\src\share\vm\runtime\reflection.cpp, line 1092]
Event: 5.915 Thread 0x000000001ba8e000 Exception <a 'java/lang/reflect/InvocationTargetException'> (0x00000000d7129210) thrown at [C:\re\workspace\8-2-build-windows-amd64-cygwin\jdk8u231\13620\hotspot\src\share\vm\runtime\reflection.cpp, line 1092]
Event: 6.419 Thread 0x000000001ba8e000 Exception <a 'java/lang/reflect/InvocationTargetException'> (0x00000000d712d778) thrown at [C:\re\workspace\8-2-build-windows-amd64-cygwin\jdk8u231\13620\hotspot\src\share\vm\runtime\reflection.cpp, line 1092]
Event: 6.922 Thread 0x000000001ba8e000 Exception <a 'java/lang/reflect/InvocationTargetException'> (0x00000000d7131ce0) thrown at [C:\re\workspace\8-2-build-windows-amd64-cygwin\jdk8u231\13620\hotspot\src\share\vm\runtime\reflection.cpp, line 1092]
Event: 7.476 Thread 0x000000001ba8e000 Exception <a 'java/lang/reflect/InvocationTargetException'> (0x00000000d7136248) thrown at [C:\re\workspace\8-2-build-windows-amd64-cygwin\jdk8u231\13620\hotspot\src\share\vm\runtime\reflection.cpp, line 1092]
Event: 7.980 Thread 0x000000001ba8e000 Exception <a 'java/lang/reflect/InvocationTargetException'> (0x00000000d713a7b0) thrown at [C:\re\workspace\8-2-build-windows-amd64-cygwin\jdk8u231\13620\hotspot\src\share\vm\runtime\reflection.cpp, line 1092]
Event: 8.535 Thread 0x000000001ba8e000 Exception <a 'java/lang/reflect/InvocationTargetException'> (0x00000000d713ed18) thrown at [C:\re\workspace\8-2-build-windows-amd64-cygwin\jdk8u231\13620\hotspot\src\share\vm\runtime\reflection.cpp, line 1092]
Event: 9.038 Thread 0x000000001ba8e000 Exception <a 'java/lang/reflect/InvocationTargetException'> (0x00000000d7143280) thrown at [C:\re\workspace\8-2-build-windows-amd64-cygwin\jdk8u231\13620\hotspot\src\share\vm\runtime\reflection.cpp, line 1092]
Event: 9.602 Thread 0x000000001ba8e000 Exception <a 'java/lang/reflect/InvocationTargetException'> (0x00000000d714c7b8) thrown at [C:\re\workspace\8-2-build-windows-amd64-cygwin\jdk8u231\13620\hotspot\src\share\vm\runtime\reflection.cpp, line 1092]

Events (10 events):
Event: 1213.233 Executing VM operation: GetCurrentContendedMonitor done
Event: 1213.233 Executing VM operation: GetOwnedMonitorInfo
Event: 1213.233 Executing VM operation: GetOwnedMonitorInfo done
Event: 1213.233 Executing VM operation: GetCurrentContendedMonitor
Event: 1213.233 Executing VM operation: GetCurrentContendedMonitor done
Event: 1213.233 Executing VM operation: GetCurrentContendedMonitor
Event: 1213.233 Executing VM operation: GetCurrentContendedMonitor done
Event: 1213.233 Executing VM operation: GetOwnedMonitorInfo
Event: 1213.233 Executing VM operation: GetOwnedMonitorInfo done
Event: 1213.248 Executing VM operation: GetOrSetLocal


Dynamic libraries:
0x00007ff6b3db0000 - 0x00007ff6b3de7000 	C:\Program Files\Java\jdk1.8.0_231\bin\javaw.exe
0x00007ffed2700000 - 0x00007ffed28f0000 	C:\WINDOWS\SYSTEM32\ntdll.dll
0x00007ffed09e0000 - 0x00007ffed0a92000 	C:\WINDOWS\System32\KERNEL32.DLL
0x00007ffecfaf0000 - 0x00007ffecfd93000 	C:\WINDOWS\System32\KERNELBASE.dll
0x00007ffed17b0000 - 0x00007ffed1853000 	C:\WINDOWS\System32\ADVAPI32.dll
0x00007ffed14a0000 - 0x00007ffed153e000 	C:\WINDOWS\System32\msvcrt.dll
0x00007ffed1cf0000 - 0x00007ffed1d87000 	C:\WINDOWS\System32\sechost.dll
0x00007ffed19c0000 - 0x00007ffed1ae0000 	C:\WINDOWS\System32\RPCRT4.dll
0x00007ffed1540000 - 0x00007ffed16d4000 	C:\WINDOWS\System32\USER32.dll
0x00007ffed0690000 - 0x00007ffed06b1000 	C:\WINDOWS\System32\win32u.dll
0x00007ffed0810000 - 0x00007ffed0836000 	C:\WINDOWS\System32\GDI32.dll
0x00007ffecf8f0000 - 0x00007ffecfa84000 	C:\WINDOWS\System32\gdi32full.dll
0x00007ffed06c0000 - 0x00007ffed075e000 	C:\WINDOWS\System32\msvcp_win.dll
0x00007ffecfda0000 - 0x00007ffecfe9a000 	C:\WINDOWS\System32\ucrtbase.dll
0x00007ffec4b10000 - 0x00007ffec4d95000 	C:\WINDOWS\WinSxS\amd64_microsoft.windows.common-controls_6595b64144ccf1df_6.0.18362.592_none_e6c0b1911312be02\COMCTL32.dll
0x00007ffed1da0000 - 0x00007ffed20d6000 	C:\WINDOWS\System32\combase.dll
0x00007ffecf6f0000 - 0x00007ffecf770000 	C:\WINDOWS\System32\bcryptPrimitives.dll
0x00007ffed0bd0000 - 0x00007ffed0bfe000 	C:\WINDOWS\System32\IMM32.DLL
0x0000000050230000 - 0x0000000050302000 	C:\Program Files\Java\jdk1.8.0_231\jre\bin\msvcr100.dll
0x00000000504f0000 - 0x0000000050d96000 	C:\Program Files\Java\jdk1.8.0_231\jre\bin\server\jvm.dll
0x00007ffed1d90000 - 0x00007ffed1d98000 	C:\WINDOWS\System32\PSAPI.DLL
0x00007ffecd800000 - 0x00007ffecd824000 	C:\WINDOWS\SYSTEM32\WINMM.dll
0x00007ffec3b20000 - 0x00007ffec3b29000 	C:\WINDOWS\SYSTEM32\WSOCK32.dll
0x00007ffec2df0000 - 0x00007ffec2dfa000 	C:\WINDOWS\SYSTEM32\VERSION.dll
0x00007ffed2110000 - 0x00007ffed217f000 	C:\WINDOWS\System32\WS2_32.dll
0x00007ffecc3d0000 - 0x00007ffecc3fd000 	C:\WINDOWS\SYSTEM32\WINMMBASE.dll
0x00007ffecfec0000 - 0x00007ffecff0a000 	C:\WINDOWS\System32\cfgmgr32.dll
0x00007ffec3af0000 - 0x00007ffec3aff000 	C:\Program Files\Java\jdk1.8.0_231\jre\bin\verify.dll
0x00007ffe9f080000 - 0x00007ffe9f0a9000 	C:\Program Files\Java\jdk1.8.0_231\jre\bin\java.dll
0x00007ffebe5b0000 - 0x00007ffebe5e5000 	C:\Program Files\Java\jdk1.8.0_231\jre\bin\jdwp.dll
0x00007ffec29e0000 - 0x00007ffec29e8000 	C:\Program Files\Java\jdk1.8.0_231\jre\bin\npt.dll
0x00007ffe9f030000 - 0x00007ffe9f046000 	C:\Program Files\Java\jdk1.8.0_231\jre\bin\zip.dll
0x00007ffed0c00000 - 0x00007ffed12e5000 	C:\WINDOWS\System32\SHELL32.dll
0x00007ffed1c40000 - 0x00007ffed1ce9000 	C:\WINDOWS\System32\shcore.dll
0x00007ffecff10000 - 0x00007ffed068f000 	C:\WINDOWS\System32\windows.storage.dll
0x00007ffecf660000 - 0x00007ffecf67f000 	C:\WINDOWS\System32\profapi.dll
0x00007ffecf6a0000 - 0x00007ffecf6ea000 	C:\WINDOWS\System32\powrprof.dll
0x00007ffecf630000 - 0x00007ffecf640000 	C:\WINDOWS\System32\UMPDC.dll
0x00007ffed1be0000 - 0x00007ffed1c32000 	C:\WINDOWS\System32\shlwapi.dll
0x00007ffecf680000 - 0x00007ffecf691000 	C:\WINDOWS\System32\kernel.appcore.dll
0x00007ffecfea0000 - 0x00007ffecfeb7000 	C:\WINDOWS\System32\cryptsp.dll
0x00007ffec0790000 - 0x00007ffec0799000 	C:\Program Files\Java\jdk1.8.0_231\jre\bin\dt_socket.dll
0x00007ffec1610000 - 0x00007ffec1626000 	C:\WINDOWS\system32\napinsp.dll
0x00007ffec17e0000 - 0x00007ffec17fa000 	C:\WINDOWS\system32\pnrpnsp.dll
0x00007ffecee40000 - 0x00007ffeceea7000 	C:\WINDOWS\System32\mswsock.dll
0x00007ffecebe0000 - 0x00007ffececaa000 	C:\WINDOWS\SYSTEM32\DNSAPI.dll
0x00007ffed20e0000 - 0x00007ffed20e8000 	C:\WINDOWS\System32\NSI.dll
0x00007ffeceb50000 - 0x00007ffeceb8a000 	C:\WINDOWS\SYSTEM32\IPHLPAPI.DLL
0x00007ffec1630000 - 0x00007ffec163e000 	C:\WINDOWS\System32\winrnr.dll
0x00007ffecbdf0000 - 0x00007ffecbe0c000 	C:\WINDOWS\system32\NLAapi.dll
0x00007ffec18c0000 - 0x00007ffec18d5000 	C:\WINDOWS\system32\wshbth.dll
0x00007ffeca860000 - 0x00007ffeca8d7000 	C:\WINDOWS\System32\fwpuclnt.dll
0x00007ffecf8c0000 - 0x00007ffecf8e6000 	C:\WINDOWS\System32\bcrypt.dll
0x00007ffec9a20000 - 0x00007ffec9a2a000 	C:\Windows\System32\rasadhlp.dll
0x00007ffec0780000 - 0x00007ffec078d000 	C:\Program Files\Java\jdk1.8.0_231\jre\bin\management.dll
0x00007ffe9d350000 - 0x00007ffe9d36a000 	C:\Program Files\Java\jdk1.8.0_231\jre\bin\net.dll
0x00007ffe9d2c0000 - 0x00007ffe9d2d2000 	C:\Program Files\Java\jdk1.8.0_231\jre\bin\nio.dll
0x00007ffece9b0000 - 0x00007ffece9e3000 	C:\WINDOWS\system32\rsaenh.dll
0x00007ffecf550000 - 0x00007ffecf575000 	C:\WINDOWS\SYSTEM32\USERENV.dll
0x00007ffecf010000 - 0x00007ffecf01c000 	C:\WINDOWS\SYSTEM32\CRYPTBASE.dll
0x00007ffeca840000 - 0x00007ffeca856000 	C:\WINDOWS\SYSTEM32\dhcpcsvc6.DLL
0x00007ffeca820000 - 0x00007ffeca83c000 	C:\WINDOWS\SYSTEM32\dhcpcsvc.DLL

VM Arguments:
jvm_args: -agentlib:jdwp=transport=dt_socket,suspend=y,address=localhost:55847 -Dcom.sun.management.jmxremote -Dcom.sun.management.jmxremote.port=55846 -Dcom.sun.management.jmxremote.authenticate=false -Dcom.sun.management.jmxremote.ssl=false -Djava.rmi.server.hostname=localhost -Dspring.jmx.enabled=true -Dspring.liveBeansView.mbeanDomain -Dspring.application.admin.enabled=true -Xverify:none -XX:TieredStopAtLevel=1 -Dspring.boot.project.name=RMBasicWSDLClient -Dfile.encoding=UTF-8 
java_command: br.edu.unicid.RMBasicWSDLClient.RmBasicWsdlClientApplication --spring.output.ansi.enabled=always
java_class_path (initial): C:\Users\rgoncalves\Documents\workspace-sts-3.9.11.RELEASE\RMBasicWSDLClient\target\classes;C:\Users\rgoncalves\.m2\repository\org\springframework\boot\spring-boot-starter-web-services\2.1.12.RELEASE\spring-boot-starter-web-services-2.1.12.RELEASE.jar;C:\Users\rgoncalves\.m2\repository\org\springframework\boot\spring-boot-starter-web\2.1.12.RELEASE\spring-boot-starter-web-2.1.12.RELEASE.jar;C:\Users\rgoncalves\.m2\repository\org\springframework\boot\spring-boot-starter-json\2.1.12.RELEASE\spring-boot-starter-json-2.1.12.RELEASE.jar;C:\Users\rgoncalves\.m2\repository\com\fasterxml\jackson\core\jackson-databind\2.9.10.2\jackson-databind-2.9.10.2.jar;C:\Users\rgoncalves\.m2\repository\com\fasterxml\jackson\core\jackson-annotations\2.9.10\jackson-annotations-2.9.10.jar;C:\Users\rgoncalves\.m2\repository\com\fasterxml\jackson\core\jackson-core\2.9.10\jackson-core-2.9.10.jar;C:\Users\rgoncalves\.m2\repository\com\fasterxml\jackson\datatype\jackson-datatype-jdk8\2.9.10\jackson-datatype-jdk8-2.9.10.jar;C:\Users\rgoncalves\.m2\repository\com\fasterxml\jackson\datatype\jackson-datatype-jsr310\2.9.10\jackson-datatype-jsr310-2.9.10.jar;C:\Users\rgoncalves\.m2\repository\com\fasterxml\jackson\module\jackson-module-parameter-names\2.9.10\jackson-module-parameter-names-2.9.10.jar;C:\Users\rgoncalves\.m2\repository\org\springframework\boot\spring-boot-starter-tomcat\2.1.12.RELEASE\spring-boot-starter-tomcat-2.1.12.RELEASE.jar;C:\Users\rgoncalves\.m2\repository\org\apache\tomcat\embed\tomcat-embed-core\9.0.30\tomcat-embed-core-9.0.30.jar;C:\Users\rgoncalves\.m2\repository\org\apache\tomcat\embed\tomcat-embed-el\9.0.30\tomcat-embed-el-9.0.30.jar;C:\Users\rgoncalves\.m2\repository\org\apache\tomcat\embed\tomcat-embed-websocket\9.0.30\tomcat-embed-websocket-9.0.30.jar;C:\Users\rgoncalves\.m2\repository\org\hibernate\validator\hibernate-validator\6.0.18.Final\hibernate-validator-6.0.18.Final.jar;C:\Users\rgoncalves\.m2\repository\javax\validation\validation-
Launcher Type: SUN_STANDARD

Environment Variables:
JAVA_HOME=C:\Program Files\Java\jdk1.8.0_231
PATH=C:\Program Files\Java\jdk1.8.0_231\jre\bin;C:/Program Files/Java/jdk1.8.0_231/bin/../jre/bin/server;C:/Program Files/Java/jdk1.8.0_231/bin/../jre/bin;C:/Program Files/Java/jdk1.8.0_231/bin/../jre/lib/amd64;C:\Program Files\Java\jdk1.8.0_231\bin;C:\WINDOWS\system32;C:\WINDOWS;C:\WINDOWS\System32\Wbem;C:\Program Files\Git\cmd;C:\Program Files\dotnet\;C:\Program Files (x86)\Microsoft SQL Server\140\Tools\Binn\;C:\Program Files\Microsoft SQL Server\140\Tools\Binn\;C:\Program Files (x86)\Microsoft SQL Server\140\DTS\Binn\;C:\Program Files\Microsoft SQL Server\140\DTS\Binn\;C:\Program Files\Microsoft SQL Server\Client SDK\ODBC\130\Tools\Binn\;C:\Program Files (x86)\Microsoft SQL Server\150\DTS\Binn\;C:\Program Files\Microsoft SQL Server\130\Tools\Binn\;C:\Program Files\Microsoft SQL Server\Client SDK\ODBC\170\Tools\Binn\;C:\Program Files (x86)\Microsoft SDKs\Windows\v10.0A\bin\NETFX 4.8 Tools;C:\Program Files (x86)\Microsoft SDKs\Windows\v7.0A\bin\x64;C:\Users\rgoncalves\AppData\Local\Microsoft\WindowsApps;C:\Program Files\heroku\bin;C:\Users\rgoncalves\Documents\spring-tool-suite-3.9.11.RELEASE-e4.14.0-win32-x86_64\sts-bundle\sts-3.9.11.RELEASE;
USERNAME=rgoncalves
OS=Windows_NT
PROCESSOR_IDENTIFIER=Intel64 Family 6 Model 60 Stepping 3, GenuineIntel



---------------  S Y S T E M  ---------------

OS: Windows 10.0 , 64 bit Build 18362 (10.0.18362.329)

CPU:total 8 (initial active 8) (4 cores per cpu, 2 threads per core) family 6 model 60 stepping 3, cmov, cx8, fxsr, mmx, sse, sse2, sse3, ssse3, sse4.1, sse4.2, popcnt, avx, avx2, aes, clmul, erms, lzcnt, ht, tsc, tscinvbit, bmi1, bmi2

Memory: 4k page, physical 8276272k(1832296k free), swap 14043440k(4938692k free)

vm_info: Java HotSpot(TM) 64-Bit Server VM (25.231-b11) for windows-amd64 JRE (1.8.0_231-b11), built on Oct  5 2019 03:11:30 by "java_re" with MS VC++ 10.0 (VS2010)

time: Wed Feb 05 16:32:36 2020
timezone: Hora oficial do Brasil
elapsed time: 1213 seconds (0d 0h 20m 13s)

